# JRE version: OpenJDK Runtime Environment (7.0_51) (build 1.7.0_51-b00)
# Java VM: OpenJDK 64-Bit Server VM (24.45-b08 mixed mode linux-amd64 compressed oops)
Heap
 PSYoungGen      total 636416K, used 39280K [0x00000007d5500000, 0x0000000800000000, 0x0000000800000000)
  eden space 570880K, 2% used [0x00000007d5500000,0x00000007d61ffc90,0x00000007f8280000)
  from space 65536K, 39% used [0x00000007fc000000,0x00000007fd95c460,0x0000000800000000)
  to   space 62976K, 0% used [0x00000007f8280000,0x00000007f8280000,0x00000007fc000000)
 ParOldGen       total 1398272K, used 836077K [0x000000077ff80000, 0x00000007d5500000, 0x00000007d5500000)
  object space 1398272K, 59% used [0x000000077ff80000,0x00000007b2ffb428,0x00000007d5500000)
 PSPermGen       total 131072K, used 88394K [0x0000000775980000, 0x000000077d980000, 0x000000077ff80000)
  object space 131072K, 67% used [0x0000000775980000,0x000000077afd2820,0x000000077d980000)
GC Heap History (10 events):
Event: 13589.327 GC heap before
{Heap before GC invocations=72 (full 0):
 PSYoungGen      total 652800K, used 622415K [0x00000007d5500000, 0x0000000800000000, 0x0000000800000000)
  eden space 608768K, 100% used [0x00000007d5500000,0x00000007fa780000,0x00000007fa780000)
  from space 44032K, 30% used [0x00000007fa780000,0x00000007fb4d3f30,0x00000007fd280000)
  to   space 41472K, 0% used [0x00000007fd780000,0x00000007fd780000,0x0000000800000000)
 ParOldGen       total 1398272K, used 739798K [0x000000077ff80000, 0x00000007d5500000, 0x00000007d5500000)
  object space 1398272K, 52% used [0x000000077ff80000,0x00000007ad1f5ac0,0x00000007d5500000)
 PSPermGen       total 131072K, used 88374K [0x0000000775980000, 0x000000077d980000, 0x000000077ff80000)
  object space 131072K, 67% used [0x0000000775980000,0x000000077afcdba8,0x000000077d980000)
Event: 13589.351 GC heap after
Heap after GC invocations=72 (full 0):
 PSYoungGen      total 659456K, used 1968K [0x00000007d5500000, 0x0000000800000000, 0x0000000800000000)
  eden space 617984K, 0% used [0x00000007d5500000,0x00000007d5500000,0x00000007fb080000)
  from space 41472K, 4% used [0x00000007fd780000,0x00000007fd96c010,0x0000000800000000)
  to   space 39936K, 0% used [0x00000007fb080000,0x00000007fb080000,0x00000007fd780000)
 ParOldGen       total 1398272K, used 740537K [0x000000077ff80000, 0x00000007d5500000, 0x00000007d5500000)
  object space 1398272K, 52% used [0x000000077ff80000,0x00000007ad2ae680,0x00000007d5500000)
 PSPermGen       total 131072K, used 88374K [0x0000000775980000, 0x000000077d980000, 0x000000077ff80000)
  object space 131072K, 67% used [0x0000000775980000,0x000000077afcdba8,0x000000077d980000)
}
Event: 13868.898 GC heap before
{Heap before GC invocations=73 (full 0):
 PSYoungGen      total 659456K, used 619798K [0x00000007d5500000, 0x0000000800000000, 0x0000000800000000)
  eden space 617984K, 99% used [0x00000007d5500000,0x00000007fb059a98,0x00000007fb080000)
  from space 41472K, 4% used [0x00000007fd780000,0x00000007fd96c010,0x0000000800000000)
  to   space 39936K, 0% used [0x00000007fb080000,0x00000007fb080000,0x00000007fd780000)
 ParOldGen       total 1398272K, used 740537K [0x000000077ff80000, 0x00000007d5500000, 0x00000007d5500000)
  object space 1398272K, 52% used [0x000000077ff80000,0x00000007ad2ae680,0x00000007d5500000)
 PSPermGen       total 131072K, used 88378K [0x0000000775980000, 0x000000077d980000, 0x000000077ff80000)
  object space 131072K, 67% used [0x0000000775980000,0x000000077afceb78,0x000000077d980000)
Event: 13868.976 GC heap after
Heap after GC invocations=73 (full 0):
 PSYoungGen      total 641536K, used 39925K [0x00000007d5500000, 0x0000000800000000, 0x0000000800000000)
  eden space 601600K, 0% used [0x00000007d5500000,0x00000007d5500000,0x00000007fa080000)
  from space 39936K, 99% used [0x00000007fb080000,0x00000007fd77d540,0x00000007fd780000)
  to   space 41472K, 0% used [0x00000007fd780000,0x00000007fd780000,0x0000000800000000)
 ParOldGen       total 1398272K, used 805296K [0x000000077ff80000, 0x00000007d5500000, 0x00000007d5500000)
  object space 1398272K, 57% used [0x000000077ff80000,0x00000007b11ec1d0,0x00000007d5500000)
 PSPermGen       total 131072K, used 88378K [0x0000000775980000, 0x000000077d980000, 0x000000077ff80000)
  object space 131072K, 67% used [0x0000000775980000,0x000000077afceb78,0x000000077d980000)
}
Event: 13938.183 GC heap before
{Heap before GC invocations=74 (full 0):
 PSYoungGen      total 641536K, used 641525K [0x00000007d5500000, 0x0000000800000000, 0x0000000800000000)
  eden space 601600K, 100% used [0x00000007d5500000,0x00000007fa080000,0x00000007fa080000)
  from space 39936K, 99% used [0x00000007fb080000,0x00000007fd77d540,0x00000007fd780000)
  to   space 41472K, 0% used [0x00000007fd780000,0x00000007fd780000,0x0000000800000000)
 ParOldGen       total 1398272K, used 805296K [0x000000077ff80000, 0x00000007d5500000, 0x00000007d5500000)
  object space 1398272K, 57% used [0x000000077ff80000,0x00000007b11ec1d0,0x00000007d5500000)
 PSPermGen       total 131072K, used 88381K [0x0000000775980000, 0x000000077d980000, 0x000000077ff80000)
  object space 131072K, 67% used [0x0000000775980000,0x000000077afcf658,0x000000077d980000)
Event: 13938.239 GC heap after
Heap after GC invocations=74 (full 0):
 PSYoungGen      total 600576K, used 29726K [0x00000007d5500000, 0x0000000800000000, 0x0000000800000000)
  eden space 559104K, 0% used [0x00000007d5500000,0x00000007d5500000,0x00000007f7700000)
  from space 41472K, 71% used [0x00000007fd780000,0x00000007ff487a88,0x0000000800000000)
  to   space 70144K, 0% used [0x00000007f7700000,0x00000007f7700000,0x00000007fbb80000)
 ParOldGen       total 1398272K, used 818174K [0x000000077ff80000, 0x00000007d5500000, 0x00000007d5500000)
  object space 1398272K, 58% used [0x000000077ff80000,0x00000007b1e7f9f0,0x00000007d5500000)
 PSPermGen       total 131072K, used 88381K [0x0000000775980000, 0x000000077d980000, 0x000000077ff80000)
  object space 131072K, 67% used [0x0000000775980000,0x000000077afcf658,0x000000077d980000)
}
Event: 13984.041 GC heap before
{Heap before GC invocations=75 (full 0):
 PSYoungGen      total 600576K, used 588830K [0x00000007d5500000, 0x0000000800000000, 0x0000000800000000)
  eden space 559104K, 100% used [0x00000007d5500000,0x00000007f7700000,0x00000007f7700000)
  from space 41472K, 71% used [0x00000007fd780000,0x00000007ff487a88,0x0000000800000000)
  to   space 70144K, 0% used [0x00000007f7700000,0x00000007f7700000,0x00000007fbb80000)
 ParOldGen       total 1398272K, used 818174K [0x000000077ff80000, 0x00000007d5500000, 0x00000007d5500000)
  object space 1398272K, 58% used [0x000000077ff80000,0x00000007b1e7f9f0,0x00000007d5500000)
 PSPermGen       total 131072K, used 88386K [0x0000000775980000, 0x000000077d980000, 0x000000077ff80000)
  object space 131072K, 67% used [0x0000000775980000,0x000000077afd0a68,0x000000077d980000)
Event: 13984.418 GC heap after
Heap after GC invocations=75 (full 0):
 PSYoungGen      total 629248K, used 20287K [0x00000007d5500000, 0x0000000800000000, 0x0000000800000000)
  eden space 559104K, 0% used [0x00000007d5500000,0x00000007d5500000,0x00000007f7700000)
  from space 70144K, 28% used [0x00000007f7700000,0x00000007f8acffd0,0x00000007fbb80000)
  to   space 65536K, 0% used [0x00000007fc000000,0x00000007fc000000,0x0000000800000000)
 ParOldGen       total 1398272K, used 829877K [0x000000077ff80000, 0x00000007d5500000, 0x00000007d5500000)
  object space 1398272K, 59% used [0x000000077ff80000,0x00000007b29ed548,0x00000007d5500000)
 PSPermGen       total 131072K, used 88386K [0x0000000775980000, 0x000000077d980000, 0x000000077ff80000)
  object space 131072K, 67% used [0x0000000775980000,0x000000077afd0a68,0x000000077d980000)
}
Event: 14024.170 GC heap before
{Heap before GC invocations=76 (full 0):
 PSYoungGen      total 629248K, used 579160K [0x00000007d5500000, 0x0000000800000000, 0x0000000800000000)
  eden space 559104K, 99% used [0x00000007d5500000,0x00000007f76c62e0,0x00000007f7700000)
  from space 70144K, 28% used [0x00000007f7700000,0x00000007f8acffd0,0x00000007fbb80000)
  to   space 65536K, 0% used [0x00000007fc000000,0x00000007fc000000,0x0000000800000000)
 ParOldGen       total 1398272K, used 830354K [0x000000077ff80000, 0x00000007d5500000, 0x00000007d5500000)
  object space 1398272K, 59% used [0x000000077ff80000,0x00000007b2a64a58,0x00000007d5500000)
 PSPermGen       total 131072K, used 88394K [0x0000000775980000, 0x000000077d980000, 0x000000077ff80000)
  object space 131072K, 67% used [0x0000000775980000,0x000000077afd2820,0x000000077d980000)
Event: 14024.619 GC heap after
Heap after GC invocations=76 (full 0):
 PSYoungGen      total 636416K, used 25969K [0x00000007d5500000, 0x0000000800000000, 0x0000000800000000)
  eden space 570880K, 0% used [0x00000007d5500000,0x00000007d5500000,0x00000007f8280000)
  from space 65536K, 39% used [0x00000007fc000000,0x00000007fd95c460,0x0000000800000000)
  to   space 62976K, 0% used [0x00000007f8280000,0x00000007f8280000,0x00000007fc000000)
 ParOldGen       total 1398272K, used 836077K [0x000000077ff80000, 0x00000007d5500000, 0x00000007d5500000)
  object space 1398272K, 59% used [0x000000077ff80000,0x00000007b2ffb428,0x00000007d5500000)
 PSPermGen       total 131072K, used 88394K [0x0000000775980000, 0x000000077d980000, 0x000000077ff80000)
  object space 131072K, 67% used [0x0000000775980000,0x000000077afd2820,0x000000077d980000)
}

