# JRE version: OpenJDK Runtime Environment (7.0_51) (build 1.7.0_51-b00)
# Java VM: OpenJDK 64-Bit Server VM (24.45-b08 mixed mode linux-amd64 compressed oops)
Heap
 PSYoungGen      total 577024K, used 0K [0x00000007d6500000, 0x0000000800000000, 0x0000000800000000)
  eden space 509952K, 0% used [0x00000007d6500000,0x00000007d6500000,0x00000007f5700000)
  from space 67072K, 0% used [0x00000007fbe80000,0x00000007fbe80000,0x0000000800000000)
  to   space 86528K, 0% used [0x00000007f5700000,0x00000007f5700000,0x00000007fab80000)
 ParOldGen       total 639488K, used 547796K [0x0000000783000000, 0x00000007aa080000, 0x00000007d6500000)
  object space 639488K, 85% used [0x0000000783000000,0x00000007a46f51c8,0x00000007aa080000)
 PSPermGen       total 131072K, used 96514K [0x0000000778a00000, 0x0000000780a00000, 0x0000000783000000)
  object space 131072K, 73% used [0x0000000778a00000,0x000000077e840b70,0x0000000780a00000)
GC Heap History (10 events):
Event: 6373.347 GC heap after
Heap after GC invocations=363 (full 13):
 PSYoungGen      total 623104K, used 38568K [0x00000007d6500000, 0x00000007ffc80000, 0x0000000800000000)
  eden space 568832K, 0% used [0x00000007d6500000,0x00000007d6500000,0x00000007f9080000)
  from space 54272K, 71% used [0x00000007fc780000,0x00000007fed2a0d8,0x00000007ffc80000)
  to   space 55296K, 0% used [0x00000007f9080000,0x00000007f9080000,0x00000007fc680000)
 ParOldGen       total 639488K, used 567440K [0x0000000783000000, 0x00000007aa080000, 0x00000007d6500000)
  object space 639488K, 88% used [0x0000000783000000,0x00000007a5a24050,0x00000007aa080000)
 PSPermGen       total 131072K, used 96527K [0x0000000778a00000, 0x0000000780a00000, 0x0000000783000000)
  object space 131072K, 73% used [0x0000000778a00000,0x000000077e843f68,0x0000000780a00000)
}
Event: 6406.268 GC heap before
{Heap before GC invocations=364 (full 13):
 PSYoungGen      total 623104K, used 607400K [0x00000007d6500000, 0x00000007ffc80000, 0x0000000800000000)
  eden space 568832K, 100% used [0x00000007d6500000,0x00000007f9080000,0x00000007f9080000)
  from space 54272K, 71% used [0x00000007fc780000,0x00000007fed2a0d8,0x00000007ffc80000)
  to   space 55296K, 0% used [0x00000007f9080000,0x00000007f9080000,0x00000007fc680000)
 ParOldGen       total 639488K, used 567440K [0x0000000783000000, 0x00000007aa080000, 0x00000007d6500000)
  object space 639488K, 88% used [0x0000000783000000,0x00000007a5a24050,0x00000007aa080000)
 PSPermGen       total 131072K, used 96529K [0x0000000778a00000, 0x0000000780a00000, 0x0000000783000000)
  object space 131072K, 73% used [0x0000000778a00000,0x000000077e844540,0x0000000780a00000)
Event: 6406.302 GC heap after
Heap after GC invocations=364 (full 13):
 PSYoungGen      total 624128K, used 37496K [0x00000007d6500000, 0x00000007ffe00000, 0x0000000800000000)
  eden space 568832K, 0% used [0x00000007d6500000,0x00000007d6500000,0x00000007f9080000)
  from space 55296K, 67% used [0x00000007f9080000,0x00000007fb51e0c8,0x00000007fc680000)
  to   space 53760K, 0% used [0x00000007fc980000,0x00000007fc980000,0x00000007ffe00000)
 ParOldGen       total 639488K, used 567528K [0x0000000783000000, 0x00000007aa080000, 0x00000007d6500000)
  object space 639488K, 88% used [0x0000000783000000,0x00000007a5a3a050,0x00000007aa080000)
 PSPermGen       total 131072K, used 96529K [0x0000000778a00000, 0x0000000780a00000, 0x0000000783000000)
  object space 131072K, 73% used [0x0000000778a00000,0x000000077e844540,0x0000000780a00000)
}
Event: 6429.543 GC heap before
{Heap before GC invocations=365 (full 13):
 PSYoungGen      total 624128K, used 606100K [0x00000007d6500000, 0x00000007ffe00000, 0x0000000800000000)
  eden space 568832K, 99% used [0x00000007d6500000,0x00000007f9046f90,0x00000007f9080000)
  from space 55296K, 67% used [0x00000007f9080000,0x00000007fb51e0c8,0x00000007fc680000)
  to   space 53760K, 0% used [0x00000007fc980000,0x00000007fc980000,0x00000007ffe00000)
 ParOldGen       total 639488K, used 567528K [0x0000000783000000, 0x00000007aa080000, 0x00000007d6500000)
  object space 639488K, 88% used [0x0000000783000000,0x00000007a5a3a050,0x00000007aa080000)
 PSPermGen       total 131072K, used 96534K [0x0000000778a00000, 0x0000000780a00000, 0x0000000783000000)
  object space 131072K, 73% used [0x0000000778a00000,0x000000077e8458a8,0x0000000780a00000)
Event: 6429.604 GC heap after
Heap after GC invocations=365 (full 13):
 PSYoungGen      total 607744K, used 53731K [0x00000007d6500000, 0x0000000800000000, 0x0000000800000000)
  eden space 553984K, 0% used [0x00000007d6500000,0x00000007d6500000,0x00000007f8200000)
  from space 53760K, 99% used [0x00000007fc980000,0x00000007ffdf8f90,0x00000007ffe00000)
  to   space 64512K, 0% used [0x00000007f8200000,0x00000007f8200000,0x00000007fc100000)
 ParOldGen       total 639488K, used 584947K [0x0000000783000000, 0x00000007aa080000, 0x00000007d6500000)
  object space 639488K, 91% used [0x0000000783000000,0x00000007a6b3ce70,0x00000007aa080000)
 PSPermGen       total 131072K, used 96534K [0x0000000778a00000, 0x0000000780a00000, 0x0000000783000000)
  object space 131072K, 73% used [0x0000000778a00000,0x000000077e8458a8,0x0000000780a00000)
}
Event: 6451.880 GC heap before
{Heap before GC invocations=366 (full 13):
 PSYoungGen      total 607744K, used 607715K [0x00000007d6500000, 0x0000000800000000, 0x0000000800000000)
  eden space 553984K, 100% used [0x00000007d6500000,0x00000007f8200000,0x00000007f8200000)
  from space 53760K, 99% used [0x00000007fc980000,0x00000007ffdf8f90,0x00000007ffe00000)
  to   space 64512K, 0% used [0x00000007f8200000,0x00000007f8200000,0x00000007fc100000)
 ParOldGen       total 639488K, used 584947K [0x0000000783000000, 0x00000007aa080000, 0x00000007d6500000)
  object space 639488K, 91% used [0x0000000783000000,0x00000007a6b3ce70,0x00000007aa080000)
 PSPermGen       total 131072K, used 96534K [0x0000000778a00000, 0x0000000780a00000, 0x0000000783000000)
  object space 131072K, 73% used [0x0000000778a00000,0x000000077e8458a8,0x0000000780a00000)
Event: 6451.918 GC heap after
Heap after GC invocations=366 (full 13):
 PSYoungGen      total 607232K, used 53068K [0x00000007d6500000, 0x0000000800000000, 0x0000000800000000)
  eden space 553984K, 0% used [0x00000007d6500000,0x00000007d6500000,0x00000007f8200000)
  from space 53248K, 99% used [0x00000007f8200000,0x00000007fb5d3280,0x00000007fb600000)
  to   space 67072K, 0% used [0x00000007fbe80000,0x00000007fbe80000,0x0000000800000000)
 ParOldGen       total 639488K, used 586508K [0x0000000783000000, 0x00000007aa080000, 0x00000007d6500000)
  object space 639488K, 91% used [0x0000000783000000,0x00000007a6cc30f0,0x00000007aa080000)
 PSPermGen       total 131072K, used 96534K [0x0000000778a00000, 0x0000000780a00000, 0x0000000783000000)
  object space 131072K, 73% used [0x0000000778a00000,0x000000077e8458a8,0x0000000780a00000)
}
Event: 6469.472 GC heap before
{Heap before GC invocations=367 (full 13):
 PSYoungGen      total 607232K, used 607052K [0x00000007d6500000, 0x0000000800000000, 0x0000000800000000)
  eden space 553984K, 100% used [0x00000007d6500000,0x00000007f8200000,0x00000007f8200000)
  from space 53248K, 99% used [0x00000007f8200000,0x00000007fb5d3280,0x00000007fb600000)
  to   space 67072K, 0% used [0x00000007fbe80000,0x00000007fbe80000,0x0000000800000000)
 ParOldGen       total 639488K, used 586508K [0x0000000783000000, 0x00000007aa080000, 0x00000007d6500000)
  object space 639488K, 91% used [0x0000000783000000,0x00000007a6cc30f0,0x00000007aa080000)
 PSPermGen       total 131072K, used 96536K [0x0000000778a00000, 0x0000000780a00000, 0x0000000783000000)
  object space 131072K, 73% used [0x0000000778a00000,0x000000077e8462f0,0x0000000780a00000)
Event: 6469.527 GC heap after
Heap after GC invocations=367 (full 13):
 PSYoungGen      total 577024K, used 67072K [0x00000007d6500000, 0x0000000800000000, 0x0000000800000000)
  eden space 509952K, 0% used [0x00000007d6500000,0x00000007d6500000,0x00000007f5700000)
  from space 67072K, 100% used [0x00000007fbe80000,0x0000000800000000,0x0000000800000000)
  to   space 86528K, 0% used [0x00000007f5700000,0x00000007f5700000,0x00000007fab80000)
 ParOldGen       total 639488K, used 620539K [0x0000000783000000, 0x00000007aa080000, 0x00000007d6500000)
  object space 639488K, 97% used [0x0000000783000000,0x00000007a8dfed08,0x00000007aa080000)
 PSPermGen       total 131072K, used 96536K [0x0000000778a00000, 0x0000000780a00000, 0x0000000783000000)
  object space 131072K, 73% used [0x0000000778a00000,0x000000077e8462f0,0x0000000780a00000)
}
Event: 6469.527 GC heap before
{Heap before GC invocations=368 (full 14):
 PSYoungGen      total 577024K, used 67072K [0x00000007d6500000, 0x0000000800000000, 0x0000000800000000)
  eden space 509952K, 0% used [0x00000007d6500000,0x00000007d6500000,0x00000007f5700000)
  from space 67072K, 100% used [0x00000007fbe80000,0x0000000800000000,0x0000000800000000)
  to   space 86528K, 0% used [0x00000007f5700000,0x00000007f5700000,0x00000007fab80000)
 ParOldGen       total 639488K, used 620539K [0x0000000783000000, 0x00000007aa080000, 0x00000007d6500000)
  object space 639488K, 97% used [0x0000000783000000,0x00000007a8dfed08,0x00000007aa080000)
 PSPermGen       total 131072K, used 96536K [0x0000000778a00000, 0x0000000780a00000, 0x0000000783000000)
  object space 131072K, 73% used [0x0000000778a00000,0x000000077e8462f0,0x0000000780a00000)

