# JRE version: OpenJDK Runtime Environment (7.0_51) (build 1.7.0_51-b00)
# Java VM: OpenJDK 64-Bit Server VM (24.45-b08 mixed mode linux-amd64 compressed oops)
Heap
 PSYoungGen      total 657408K, used 0K [0x00000007d6500000, 0x0000000800000000, 0x0000000800000000)
  eden space 631808K, 0% used [0x00000007d6500000,0x00000007d6500000,0x00000007fce00000)
  from space 25600K, 0% used [0x00000007fce00000,0x00000007fce00000,0x00000007fe700000)
  to   space 25600K, 0% used [0x00000007fe700000,0x00000007fe700000,0x0000000800000000)
 ParOldGen       total 753152K, used 452262K [0x0000000783000000, 0x00000007b0f80000, 0x00000007d6500000)
  object space 753152K, 60% used [0x0000000783000000,0x000000079e9a9b28,0x00000007b0f80000)
 PSPermGen       total 131072K, used 96434K [0x0000000778a00000, 0x0000000780a00000, 0x0000000783000000)
  object space 131072K, 73% used [0x0000000778a00000,0x000000077e82c900,0x0000000780a00000)
GC Heap History (10 events):
Event: 124753.337 GC heap after
Heap after GC invocations=2575 (full 14):
 PSYoungGen      total 659968K, used 16818K [0x00000007d6500000, 0x00000007fff00000, 0x0000000800000000)
  eden space 637952K, 0% used [0x00000007d6500000,0x00000007d6500000,0x00000007fd400000)
  from space 22016K, 76% used [0x00000007fd400000,0x00000007fe46cbc0,0x00000007fe980000)
  to   space 21504K, 0% used [0x00000007fea00000,0x00000007fea00000,0x00000007fff00000)
 ParOldGen       total 753152K, used 731212K [0x0000000783000000, 0x00000007b0f80000, 0x00000007d6500000)
  object space 753152K, 97% used [0x0000000783000000,0x00000007afa13338,0x00000007b0f80000)
 PSPermGen       total 131072K, used 96434K [0x0000000778a00000, 0x0000000780a00000, 0x0000000783000000)
  object space 131072K, 73% used [0x0000000778a00000,0x000000077e82caa0,0x0000000780a00000)
}
Event: 124812.311 GC heap before
{Heap before GC invocations=2576 (full 14):
 PSYoungGen      total 659968K, used 654770K [0x00000007d6500000, 0x00000007fff00000, 0x0000000800000000)
  eden space 637952K, 100% used [0x00000007d6500000,0x00000007fd400000,0x00000007fd400000)
  from space 22016K, 76% used [0x00000007fd400000,0x00000007fe46cbc0,0x00000007fe980000)
  to   space 21504K, 0% used [0x00000007fea00000,0x00000007fea00000,0x00000007fff00000)
 ParOldGen       total 753152K, used 731212K [0x0000000783000000, 0x00000007b0f80000, 0x00000007d6500000)
  object space 753152K, 97% used [0x0000000783000000,0x00000007afa13338,0x00000007b0f80000)
 PSPermGen       total 131072K, used 96434K [0x0000000778a00000, 0x0000000780a00000, 0x0000000783000000)
  object space 131072K, 73% used [0x0000000778a00000,0x000000077e82caa0,0x0000000780a00000)
Event: 124812.357 GC heap after
Heap after GC invocations=2576 (full 14):
 PSYoungGen      total 660480K, used 16850K [0x00000007d6500000, 0x00000007ffe80000, 0x0000000800000000)
  eden space 639488K, 0% used [0x00000007d6500000,0x00000007d6500000,0x00000007fd580000)
  from space 20992K, 80% used [0x00000007fea00000,0x00000007ffa74bc0,0x00000007ffe80000)
  to   space 20992K, 0% used [0x00000007fd580000,0x00000007fd580000,0x00000007fea00000)
 ParOldGen       total 753152K, used 731228K [0x0000000783000000, 0x00000007b0f80000, 0x00000007d6500000)
  object space 753152K, 97% used [0x0000000783000000,0x00000007afa17338,0x00000007b0f80000)
 PSPermGen       total 131072K, used 96434K [0x0000000778a00000, 0x0000000780a00000, 0x0000000783000000)
  object space 131072K, 73% used [0x0000000778a00000,0x000000077e82caa0,0x0000000780a00000)
}
Event: 124874.737 GC heap before
{Heap before GC invocations=2577 (full 14):
 PSYoungGen      total 660480K, used 656338K [0x00000007d6500000, 0x00000007ffe80000, 0x0000000800000000)
  eden space 639488K, 100% used [0x00000007d6500000,0x00000007fd580000,0x00000007fd580000)
  from space 20992K, 80% used [0x00000007fea00000,0x00000007ffa74bc0,0x00000007ffe80000)
  to   space 20992K, 0% used [0x00000007fd580000,0x00000007fd580000,0x00000007fea00000)
 ParOldGen       total 753152K, used 731228K [0x0000000783000000, 0x00000007b0f80000, 0x00000007d6500000)
  object space 753152K, 97% used [0x0000000783000000,0x00000007afa17338,0x00000007b0f80000)
 PSPermGen       total 131072K, used 96434K [0x0000000778a00000, 0x0000000780a00000, 0x0000000783000000)
  object space 131072K, 73% used [0x0000000778a00000,0x000000077e82caa0,0x0000000780a00000)
Event: 124874.765 GC heap after
Heap after GC invocations=2577 (full 14):
 PSYoungGen      total 660480K, used 16530K [0x00000007d6500000, 0x0000000800000000, 0x0000000800000000)
  eden space 639488K, 0% used [0x00000007d6500000,0x00000007d6500000,0x00000007fd580000)
  from space 20992K, 78% used [0x00000007fd580000,0x00000007fe5a4bc0,0x00000007fea00000)
  to   space 20992K, 0% used [0x00000007feb80000,0x00000007feb80000,0x0000000800000000)
 ParOldGen       total 753152K, used 731244K [0x0000000783000000, 0x00000007b0f80000, 0x00000007d6500000)
  object space 753152K, 97% used [0x0000000783000000,0x00000007afa1b338,0x00000007b0f80000)
 PSPermGen       total 131072K, used 96434K [0x0000000778a00000, 0x0000000780a00000, 0x0000000783000000)
  object space 131072K, 73% used [0x0000000778a00000,0x000000077e82caa0,0x0000000780a00000)
}
Event: 124935.290 GC heap before
{Heap before GC invocations=2578 (full 14):
 PSYoungGen      total 660480K, used 656018K [0x00000007d6500000, 0x0000000800000000, 0x0000000800000000)
  eden space 639488K, 100% used [0x00000007d6500000,0x00000007fd580000,0x00000007fd580000)
  from space 20992K, 78% used [0x00000007fd580000,0x00000007fe5a4bc0,0x00000007fea00000)
  to   space 20992K, 0% used [0x00000007feb80000,0x00000007feb80000,0x0000000800000000)
 ParOldGen       total 753152K, used 731244K [0x0000000783000000, 0x00000007b0f80000, 0x00000007d6500000)
  object space 753152K, 97% used [0x0000000783000000,0x00000007afa1b338,0x00000007b0f80000)
 PSPermGen       total 131072K, used 96434K [0x0000000778a00000, 0x0000000780a00000, 0x0000000783000000)
  object space 131072K, 73% used [0x0000000778a00000,0x000000077e82caa0,0x0000000780a00000)
Event: 124935.371 GC heap after
Heap after GC invocations=2578 (full 14):
 PSYoungGen      total 652800K, used 20978K [0x00000007d6500000, 0x0000000800000000, 0x0000000800000000)
  eden space 631808K, 0% used [0x00000007d6500000,0x00000007d6500000,0x00000007fce00000)
  from space 20992K, 99% used [0x00000007feb80000,0x00000007ffffcbc0,0x0000000800000000)
  to   space 25600K, 0% used [0x00000007fce00000,0x00000007fce00000,0x00000007fe700000)
 ParOldGen       total 753152K, used 741326K [0x0000000783000000, 0x00000007b0f80000, 0x00000007d6500000)
  object space 753152K, 98% used [0x0000000783000000,0x00000007b03f3ad8,0x00000007b0f80000)
 PSPermGen       total 131072K, used 96434K [0x0000000778a00000, 0x0000000780a00000, 0x0000000783000000)
  object space 131072K, 73% used [0x0000000778a00000,0x000000077e82caa0,0x0000000780a00000)
}
Event: 124994.645 GC heap before
{Heap before GC invocations=2579 (full 14):
 PSYoungGen      total 652800K, used 652786K [0x00000007d6500000, 0x0000000800000000, 0x0000000800000000)
  eden space 631808K, 100% used [0x00000007d6500000,0x00000007fce00000,0x00000007fce00000)
  from space 20992K, 99% used [0x00000007feb80000,0x00000007ffffcbc0,0x0000000800000000)
  to   space 25600K, 0% used [0x00000007fce00000,0x00000007fce00000,0x00000007fe700000)
 ParOldGen       total 753152K, used 741326K [0x0000000783000000, 0x00000007b0f80000, 0x00000007d6500000)
  object space 753152K, 98% used [0x0000000783000000,0x00000007b03f3ad8,0x00000007b0f80000)
 PSPermGen       total 131072K, used 96434K [0x0000000778a00000, 0x0000000780a00000, 0x0000000783000000)
  object space 131072K, 73% used [0x0000000778a00000,0x000000077e82caa0,0x0000000780a00000)
Event: 124994.773 GC heap after
Heap after GC invocations=2579 (full 14):
 PSYoungGen      total 657408K, used 25599K [0x00000007d6500000, 0x0000000800000000, 0x0000000800000000)
  eden space 631808K, 0% used [0x00000007d6500000,0x00000007d6500000,0x00000007fce00000)
  from space 25600K, 99% used [0x00000007fce00000,0x00000007fe6fff20,0x00000007fe700000)
  to   space 25600K, 0% used [0x00000007fe700000,0x00000007fe700000,0x0000000800000000)
 ParOldGen       total 753152K, used 749108K [0x0000000783000000, 0x00000007b0f80000, 0x00000007d6500000)
  object space 753152K, 99% used [0x0000000783000000,0x00000007b0b8d268,0x00000007b0f80000)
 PSPermGen       total 131072K, used 96434K [0x0000000778a00000, 0x0000000780a00000, 0x0000000783000000)
  object space 131072K, 73% used [0x0000000778a00000,0x000000077e82caa0,0x0000000780a00000)
}
Event: 124994.779 GC heap before
{Heap before GC invocations=2580 (full 15):
 PSYoungGen      total 657408K, used 25599K [0x00000007d6500000, 0x0000000800000000, 0x0000000800000000)
  eden space 631808K, 0% used [0x00000007d6500000,0x00000007d6500000,0x00000007fce00000)
  from space 25600K, 99% used [0x00000007fce00000,0x00000007fe6fff20,0x00000007fe700000)
  to   space 25600K, 0% used [0x00000007fe700000,0x00000007fe700000,0x0000000800000000)
 ParOldGen       total 753152K, used 749108K [0x0000000783000000, 0x00000007b0f80000, 0x00000007d6500000)
  object space 753152K, 99% used [0x0000000783000000,0x00000007b0b8d268,0x00000007b0f80000)
 PSPermGen       total 131072K, used 96434K [0x0000000778a00000, 0x0000000780a00000, 0x0000000783000000)
  object space 131072K, 73% used [0x0000000778a00000,0x000000077e82caa0,0x0000000780a00000)

