# JRE version: OpenJDK Runtime Environment (7.0_51) (build 1.7.0_51-b00)
# Java VM: OpenJDK 64-Bit Server VM (24.45-b08 mixed mode linux-amd64 compressed oops)
Heap
 PSYoungGen      total 452608K, used 0K [0x00000007d8000000, 0x0000000800000000, 0x0000000800000000)
  eden space 314368K, 0% used [0x00000007d8000000,0x00000007d8000000,0x00000007eb300000)
  from space 138240K, 0% used [0x00000007f7900000,0x00000007f7900000,0x0000000800000000)
  to   space 170496K, 0% used [0x00000007eb300000,0x00000007eb300000,0x00000007f5980000)
 ParOldGen       total 711168K, used 579560K [0x0000000788000000, 0x00000007b3680000, 0x00000007d8000000)
  object space 711168K, 81% used [0x0000000788000000,0x00000007ab5fa2a8,0x00000007b3680000)
 PSPermGen       total 131072K, used 95957K [0x000000077da00000, 0x0000000785a00000, 0x0000000788000000)
  object space 131072K, 73% used [0x000000077da00000,0x00000007837b5458,0x0000000785a00000)
GC Heap History (10 events):
Event: 16490.439 GC heap after
Heap after GC invocations=1058 (full 12):
 PSYoungGen      total 521216K, used 106022K [0x00000007d8000000, 0x00000007ffc00000, 0x0000000800000000)
  eden space 394240K, 0% used [0x00000007d8000000,0x00000007d8000000,0x00000007f0100000)
  from space 126976K, 83% used [0x00000007f8000000,0x00000007fe789940,0x00000007ffc00000)
  to   space 128512K, 0% used [0x00000007f0100000,0x00000007f0100000,0x00000007f7e80000)
 ParOldGen       total 711168K, used 636926K [0x0000000788000000, 0x00000007b3680000, 0x00000007d8000000)
  object space 711168K, 89% used [0x0000000788000000,0x00000007aedffb08,0x00000007b3680000)
 PSPermGen       total 131072K, used 95902K [0x000000077da00000, 0x0000000785a00000, 0x0000000788000000)
  object space 131072K, 73% used [0x000000077da00000,0x00000007837a7840,0x0000000785a00000)
}
Event: 16506.529 GC heap before
{Heap before GC invocations=1059 (full 12):
 PSYoungGen      total 521216K, used 500262K [0x00000007d8000000, 0x00000007ffc00000, 0x0000000800000000)
  eden space 394240K, 100% used [0x00000007d8000000,0x00000007f0100000,0x00000007f0100000)
  from space 126976K, 83% used [0x00000007f8000000,0x00000007fe789940,0x00000007ffc00000)
  to   space 128512K, 0% used [0x00000007f0100000,0x00000007f0100000,0x00000007f7e80000)
 ParOldGen       total 711168K, used 636926K [0x0000000788000000, 0x00000007b3680000, 0x00000007d8000000)
  object space 711168K, 89% used [0x0000000788000000,0x00000007aedffb08,0x00000007b3680000)
 PSPermGen       total 131072K, used 95902K [0x000000077da00000, 0x0000000785a00000, 0x0000000788000000)
  object space 131072K, 73% used [0x000000077da00000,0x00000007837a79c0,0x0000000785a00000)
Event: 16506.581 GC heap after
Heap after GC invocations=1059 (full 12):
 PSYoungGen      total 522752K, used 108806K [0x00000007d8000000, 0x0000000800000000, 0x0000000800000000)
  eden space 394240K, 0% used [0x00000007d8000000,0x00000007d8000000,0x00000007f0100000)
  from space 128512K, 84% used [0x00000007f0100000,0x00000007f6b41940,0x00000007f7e80000)
  to   space 128000K, 0% used [0x00000007f8300000,0x00000007f8300000,0x0000000800000000)
 ParOldGen       total 711168K, used 637042K [0x0000000788000000, 0x00000007b3680000, 0x00000007d8000000)
  object space 711168K, 89% used [0x0000000788000000,0x00000007aee1cb18,0x00000007b3680000)
 PSPermGen       total 131072K, used 95902K [0x000000077da00000, 0x0000000785a00000, 0x0000000788000000)
  object space 131072K, 73% used [0x000000077da00000,0x00000007837a79c0,0x0000000785a00000)
}
Event: 16520.772 GC heap before
{Heap before GC invocations=1060 (full 12):
 PSYoungGen      total 522752K, used 503046K [0x00000007d8000000, 0x0000000800000000, 0x0000000800000000)
  eden space 394240K, 100% used [0x00000007d8000000,0x00000007f0100000,0x00000007f0100000)
  from space 128512K, 84% used [0x00000007f0100000,0x00000007f6b41940,0x00000007f7e80000)
  to   space 128000K, 0% used [0x00000007f8300000,0x00000007f8300000,0x0000000800000000)
 ParOldGen       total 711168K, used 637042K [0x0000000788000000, 0x00000007b3680000, 0x00000007d8000000)
  object space 711168K, 89% used [0x0000000788000000,0x00000007aee1cb18,0x00000007b3680000)
 PSPermGen       total 131072K, used 95917K [0x000000077da00000, 0x0000000785a00000, 0x0000000788000000)
  object space 131072K, 73% used [0x000000077da00000,0x00000007837ab438,0x0000000785a00000)
Event: 16520.859 GC heap after
Heap after GC invocations=1060 (full 12):
 PSYoungGen      total 507904K, used 127971K [0x00000007d8000000, 0x0000000800000000, 0x0000000800000000)
  eden space 379904K, 0% used [0x00000007d8000000,0x00000007d8000000,0x00000007ef300000)
  from space 128000K, 99% used [0x00000007f8300000,0x00000007ffff8e50,0x0000000800000000)
  to   space 137728K, 0% used [0x00000007ef300000,0x00000007ef300000,0x00000007f7980000)
 ParOldGen       total 711168K, used 644803K [0x0000000788000000, 0x00000007b3680000, 0x00000007d8000000)
  object space 711168K, 90% used [0x0000000788000000,0x00000007af5b0d08,0x00000007b3680000)
 PSPermGen       total 131072K, used 95917K [0x000000077da00000, 0x0000000785a00000, 0x0000000788000000)
  object space 131072K, 73% used [0x000000077da00000,0x00000007837ab438,0x0000000785a00000)
}
Event: 16533.956 GC heap before
{Heap before GC invocations=1061 (full 12):
 PSYoungGen      total 507904K, used 507875K [0x00000007d8000000, 0x0000000800000000, 0x0000000800000000)
  eden space 379904K, 100% used [0x00000007d8000000,0x00000007ef300000,0x00000007ef300000)
  from space 128000K, 99% used [0x00000007f8300000,0x00000007ffff8e50,0x0000000800000000)
  to   space 137728K, 0% used [0x00000007ef300000,0x00000007ef300000,0x00000007f7980000)
 ParOldGen       total 711168K, used 644803K [0x0000000788000000, 0x00000007b3680000, 0x00000007d8000000)
  object space 711168K, 90% used [0x0000000788000000,0x00000007af5b0d08,0x00000007b3680000)
 PSPermGen       total 131072K, used 95953K [0x000000077da00000, 0x0000000785a00000, 0x0000000788000000)
  object space 131072K, 73% used [0x000000077da00000,0x00000007837b47b8,0x0000000785a00000)
Event: 16534.028 GC heap after
Heap after GC invocations=1061 (full 12):
 PSYoungGen      total 517120K, used 136762K [0x00000007d8000000, 0x0000000800000000, 0x0000000800000000)
  eden space 379904K, 0% used [0x00000007d8000000,0x00000007d8000000,0x00000007ef300000)
  from space 137216K, 99% used [0x00000007ef300000,0x00000007f788e890,0x00000007f7900000)
  to   space 138240K, 0% used [0x00000007f7900000,0x00000007f7900000,0x0000000800000000)
 ParOldGen       total 711168K, used 655939K [0x0000000788000000, 0x00000007b3680000, 0x00000007d8000000)
  object space 711168K, 92% used [0x0000000788000000,0x00000007b0090f18,0x00000007b3680000)
 PSPermGen       total 131072K, used 95953K [0x000000077da00000, 0x0000000785a00000, 0x0000000788000000)
  object space 131072K, 73% used [0x000000077da00000,0x00000007837b47b8,0x0000000785a00000)
}
Event: 16544.823 GC heap before
{Heap before GC invocations=1062 (full 12):
 PSYoungGen      total 517120K, used 516666K [0x00000007d8000000, 0x0000000800000000, 0x0000000800000000)
  eden space 379904K, 100% used [0x00000007d8000000,0x00000007ef300000,0x00000007ef300000)
  from space 137216K, 99% used [0x00000007ef300000,0x00000007f788e890,0x00000007f7900000)
  to   space 138240K, 0% used [0x00000007f7900000,0x00000007f7900000,0x0000000800000000)
 ParOldGen       total 711168K, used 655939K [0x0000000788000000, 0x00000007b3680000, 0x00000007d8000000)
  object space 711168K, 92% used [0x0000000788000000,0x00000007b0090f18,0x00000007b3680000)
 PSPermGen       total 131072K, used 95958K [0x000000077da00000, 0x0000000785a00000, 0x0000000788000000)
  object space 131072K, 73% used [0x000000077da00000,0x00000007837b5af8,0x0000000785a00000)
Event: 16544.942 GC heap after
Heap after GC invocations=1062 (full 12):
 PSYoungGen      total 452608K, used 138209K [0x00000007d8000000, 0x0000000800000000, 0x0000000800000000)
  eden space 314368K, 0% used [0x00000007d8000000,0x00000007d8000000,0x00000007eb300000)
  from space 138240K, 99% used [0x00000007f7900000,0x00000007ffff85f0,0x0000000800000000)
  to   space 170496K, 0% used [0x00000007eb300000,0x00000007eb300000,0x00000007f5980000)
 ParOldGen       total 711168K, used 703480K [0x0000000788000000, 0x00000007b3680000, 0x00000007d8000000)
  object space 711168K, 98% used [0x0000000788000000,0x00000007b2efe2c8,0x00000007b3680000)
 PSPermGen       total 131072K, used 95958K [0x000000077da00000, 0x0000000785a00000, 0x0000000788000000)
  object space 131072K, 73% used [0x000000077da00000,0x00000007837b5af8,0x0000000785a00000)
}
Event: 16544.942 GC heap before
{Heap before GC invocations=1063 (full 13):
 PSYoungGen      total 452608K, used 138209K [0x00000007d8000000, 0x0000000800000000, 0x0000000800000000)
  eden space 314368K, 0% used [0x00000007d8000000,0x00000007d8000000,0x00000007eb300000)
  from space 138240K, 99% used [0x00000007f7900000,0x00000007ffff85f0,0x0000000800000000)
  to   space 170496K, 0% used [0x00000007eb300000,0x00000007eb300000,0x00000007f5980000)
 ParOldGen       total 711168K, used 703480K [0x0000000788000000, 0x00000007b3680000, 0x00000007d8000000)
  object space 711168K, 98% used [0x0000000788000000,0x00000007b2efe2c8,0x00000007b3680000)
 PSPermGen       total 131072K, used 95958K [0x000000077da00000, 0x0000000785a00000, 0x0000000788000000)
  object space 131072K, 73% used [0x000000077da00000,0x00000007837b5af8,0x0000000785a00000)

